{"/Users/laszlobogacsi/Desktop/MakersAcademy/bowling_challenge/bowling-challenge/spec/FrameSpec.js":{"path":"/Users/laszlobogacsi/Desktop/MakersAcademy/bowling_challenge/bowling-challenge/spec/FrameSpec.js","s":{"1":1,"2":1,"3":1,"4":1,"5":1,"6":1,"7":1,"8":1,"9":2,"10":2,"11":1,"12":1,"13":1,"14":1,"15":1,"16":1,"17":1,"18":1,"19":2,"20":2,"21":1,"22":1,"23":1,"24":1,"25":1,"26":1,"27":1,"28":1,"29":1,"30":1,"31":1,"32":1,"33":1,"34":1,"35":1,"36":1,"37":1},"b":{},"f":{"1":1,"2":2,"3":1,"4":1,"5":1,"6":2,"7":1,"8":1,"9":1,"10":1,"11":1,"12":1},"fnMap":{"1":{"name":"(anonymous_1)","line":12,"loc":{"start":{"line":12,"column":23},"end":{"line":12,"column":33}}},"2":{"name":"(anonymous_2)","line":13,"loc":{"start":{"line":13,"column":13},"end":{"line":13,"column":23}}},"3":{"name":"(anonymous_3)","line":17,"loc":{"start":{"line":17,"column":39},"end":{"line":17,"column":49}}},"4":{"name":"(anonymous_4)","line":21,"loc":{"start":{"line":21,"column":64},"end":{"line":21,"column":74}}},"5":{"name":"(anonymous_5)","line":28,"loc":{"start":{"line":28,"column":30},"end":{"line":28,"column":40}}},"6":{"name":"(anonymous_6)","line":29,"loc":{"start":{"line":29,"column":13},"end":{"line":29,"column":23}}},"7":{"name":"(anonymous_7)","line":33,"loc":{"start":{"line":33,"column":66},"end":{"line":33,"column":76}}},"8":{"name":"(anonymous_8)","line":38,"loc":{"start":{"line":38,"column":58},"end":{"line":38,"column":68}}},"9":{"name":"(anonymous_9)","line":45,"loc":{"start":{"line":45,"column":26},"end":{"line":45,"column":36}}},"10":{"name":"(anonymous_10)","line":47,"loc":{"start":{"line":47,"column":53},"end":{"line":47,"column":63}}},"11":{"name":"(anonymous_11)","line":53,"loc":{"start":{"line":53,"column":25},"end":{"line":53,"column":35}}},"12":{"name":"(anonymous_12)","line":55,"loc":{"start":{"line":55,"column":63},"end":{"line":55,"column":73}}}},"statementMap":{"1":{"start":{"line":3,"column":0},"end":{"line":3,"column":36}},"2":{"start":{"line":4,"column":0},"end":{"line":4,"column":34}},"3":{"start":{"line":5,"column":0},"end":{"line":5,"column":26}},"4":{"start":{"line":7,"column":0},"end":{"line":7,"column":10}},"5":{"start":{"line":8,"column":0},"end":{"line":8,"column":9}},"6":{"start":{"line":9,"column":0},"end":{"line":9,"column":22}},"7":{"start":{"line":12,"column":0},"end":{"line":26,"column":3}},"8":{"start":{"line":13,"column":2},"end":{"line":16,"column":5}},"9":{"start":{"line":14,"column":3},"end":{"line":14,"column":23}},"10":{"start":{"line":15,"column":4},"end":{"line":15,"column":28}},"11":{"start":{"line":17,"column":2},"end":{"line":20,"column":5}},"12":{"start":{"line":18,"column":4},"end":{"line":18,"column":56}},"13":{"start":{"line":21,"column":2},"end":{"line":25,"column":5}},"14":{"start":{"line":22,"column":4},"end":{"line":22,"column":17}},"15":{"start":{"line":23,"column":4},"end":{"line":23,"column":29}},"16":{"start":{"line":24,"column":4},"end":{"line":24,"column":35}},"17":{"start":{"line":28,"column":0},"end":{"line":42,"column":3}},"18":{"start":{"line":29,"column":2},"end":{"line":32,"column":4}},"19":{"start":{"line":30,"column":4},"end":{"line":30,"column":23}},"20":{"start":{"line":31,"column":4},"end":{"line":31,"column":28}},"21":{"start":{"line":33,"column":2},"end":{"line":36,"column":5}},"22":{"start":{"line":34,"column":4},"end":{"line":34,"column":26}},"23":{"start":{"line":35,"column":4},"end":{"line":35,"column":38}},"24":{"start":{"line":38,"column":2},"end":{"line":41,"column":5}},"25":{"start":{"line":39,"column":6},"end":{"line":39,"column":38}},"26":{"start":{"line":40,"column":6},"end":{"line":40,"column":52}},"27":{"start":{"line":45,"column":0},"end":{"line":51,"column":3}},"28":{"start":{"line":46,"column":2},"end":{"line":46,"column":22}},"29":{"start":{"line":47,"column":2},"end":{"line":50,"column":5}},"30":{"start":{"line":48,"column":4},"end":{"line":48,"column":25}},"31":{"start":{"line":49,"column":4},"end":{"line":49,"column":43}},"32":{"start":{"line":53,"column":0},"end":{"line":60,"column":3}},"33":{"start":{"line":54,"column":2},"end":{"line":54,"column":22}},"34":{"start":{"line":55,"column":2},"end":{"line":59,"column":5}},"35":{"start":{"line":56,"column":4},"end":{"line":56,"column":24}},"36":{"start":{"line":57,"column":4},"end":{"line":57,"column":29}},"37":{"start":{"line":58,"column":4},"end":{"line":58,"column":42}}},"branchMap":{}},"/Users/laszlobogacsi/Desktop/MakersAcademy/bowling_challenge/bowling-challenge/src/Frame.js":{"path":"/Users/laszlobogacsi/Desktop/MakersAcademy/bowling_challenge/bowling-challenge/src/Frame.js","s":{"1":1,"2":13,"3":13,"4":13,"5":13,"6":13,"7":1,"8":7,"9":1,"10":1,"11":6,"12":6,"13":1,"14":6,"15":1,"16":1,"17":5,"18":5,"19":1,"20":3,"21":3,"22":1},"b":{"1":[1,6],"2":[1,5],"3":[6,1]},"f":{"1":13,"2":7,"3":6,"4":3},"fnMap":{"1":{"name":"Frame","line":3,"loc":{"start":{"line":3,"column":0},"end":{"line":3,"column":22}}},"2":{"name":"(anonymous_2)","line":13,"loc":{"start":{"line":13,"column":26},"end":{"line":13,"column":42}}},"3":{"name":"(anonymous_3)","line":24,"loc":{"start":{"line":24,"column":27},"end":{"line":24,"column":43}}},"4":{"name":"(anonymous_4)","line":35,"loc":{"start":{"line":35,"column":31},"end":{"line":35,"column":45}}}},"statementMap":{"1":{"start":{"line":3,"column":0},"end":{"line":10,"column":1}},"2":{"start":{"line":4,"column":2},"end":{"line":4,"column":17}},"3":{"start":{"line":5,"column":2},"end":{"line":5,"column":20}},"4":{"start":{"line":6,"column":2},"end":{"line":6,"column":27}},"5":{"start":{"line":7,"column":2},"end":{"line":7,"column":21}},"6":{"start":{"line":8,"column":2},"end":{"line":8,"column":22}},"7":{"start":{"line":13,"column":0},"end":{"line":21,"column":2}},"8":{"start":{"line":14,"column":2},"end":{"line":20,"column":3}},"9":{"start":{"line":15,"column":4},"end":{"line":15,"column":22}},"10":{"start":{"line":16,"column":4},"end":{"line":16,"column":16}},"11":{"start":{"line":18,"column":4},"end":{"line":18,"column":23}},"12":{"start":{"line":19,"column":4},"end":{"line":19,"column":17}},"13":{"start":{"line":24,"column":0},"end":{"line":32,"column":2}},"14":{"start":{"line":25,"column":2},"end":{"line":31,"column":3}},"15":{"start":{"line":26,"column":4},"end":{"line":26,"column":23}},"16":{"start":{"line":27,"column":4},"end":{"line":27,"column":16}},"17":{"start":{"line":29,"column":4},"end":{"line":29,"column":24}},"18":{"start":{"line":30,"column":4},"end":{"line":30,"column":17}},"19":{"start":{"line":35,"column":0},"end":{"line":38,"column":2}},"20":{"start":{"line":36,"column":2},"end":{"line":36,"column":32}},"21":{"start":{"line":37,"column":2},"end":{"line":37,"column":22}},"22":{"start":{"line":44,"column":0},"end":{"line":44,"column":23}}},"branchMap":{"1":{"line":14,"type":"if","locations":[{"start":{"line":14,"column":2},"end":{"line":14,"column":2}},{"start":{"line":14,"column":2},"end":{"line":14,"column":2}}]},"2":{"line":25,"type":"if","locations":[{"start":{"line":25,"column":2},"end":{"line":25,"column":2}},{"start":{"line":25,"column":2},"end":{"line":25,"column":2}}]},"3":{"line":25,"type":"binary-expr","locations":[{"start":{"line":25,"column":6},"end":{"line":25,"column":43}},{"start":{"line":25,"column":47},"end":{"line":25,"column":66}}]}}},"/Users/laszlobogacsi/Desktop/MakersAcademy/bowling_challenge/bowling-challenge/src/Game.js":{"path":"/Users/laszlobogacsi/Desktop/MakersAcademy/bowling_challenge/bowling-challenge/src/Game.js","s":{"1":1,"2":1,"3":3,"4":3,"5":1,"6":5,"7":5,"8":5,"9":5,"10":5,"11":5,"12":5,"13":1},"b":{},"f":{"1":3,"2":5},"fnMap":{"1":{"name":"Game","line":6,"loc":{"start":{"line":6,"column":0},"end":{"line":6,"column":17}}},"2":{"name":"(anonymous_2)","line":12,"loc":{"start":{"line":12,"column":22},"end":{"line":12,"column":34}}}},"statementMap":{"1":{"start":{"line":4,"column":0},"end":{"line":4,"column":30}},"2":{"start":{"line":6,"column":0},"end":{"line":10,"column":1}},"3":{"start":{"line":7,"column":0},"end":{"line":7,"column":20}},"4":{"start":{"line":8,"column":0},"end":{"line":8,"column":25}},"5":{"start":{"line":12,"column":0},"end":{"line":20,"column":2}},"6":{"start":{"line":13,"column":2},"end":{"line":13,"column":70}},"7":{"start":{"line":14,"column":2},"end":{"line":14,"column":83}},"8":{"start":{"line":15,"column":2},"end":{"line":15,"column":37}},"9":{"start":{"line":16,"column":2},"end":{"line":16,"column":30}},"10":{"start":{"line":17,"column":2},"end":{"line":17,"column":18}},"11":{"start":{"line":18,"column":2},"end":{"line":18,"column":19}},"12":{"start":{"line":19,"column":2},"end":{"line":19,"column":14}},"13":{"start":{"line":23,"column":0},"end":{"line":23,"column":22}}},"branchMap":{}},"/Users/laszlobogacsi/Desktop/MakersAcademy/bowling_challenge/bowling-challenge/spec/GameSpec.js":{"path":"/Users/laszlobogacsi/Desktop/MakersAcademy/bowling_challenge/bowling-challenge/spec/GameSpec.js","s":{"1":1,"2":1,"3":1,"4":1,"5":1,"6":1,"7":1,"8":1,"9":1,"10":1,"11":1,"12":1,"13":1},"b":{},"f":{"1":1,"2":1,"3":1},"fnMap":{"1":{"name":"(anonymous_1)","line":12,"loc":{"start":{"line":12,"column":37},"end":{"line":12,"column":47}}},"2":{"name":"(anonymous_2)","line":13,"loc":{"start":{"line":13,"column":13},"end":{"line":13,"column":23}}},"3":{"name":"(anonymous_3)","line":18,"loc":{"start":{"line":18,"column":58},"end":{"line":18,"column":68}}}},"statementMap":{"1":{"start":{"line":3,"column":0},"end":{"line":3,"column":36}},"2":{"start":{"line":4,"column":0},"end":{"line":4,"column":34}},"3":{"start":{"line":5,"column":0},"end":{"line":5,"column":26}},"4":{"start":{"line":7,"column":0},"end":{"line":7,"column":10}},"5":{"start":{"line":8,"column":0},"end":{"line":8,"column":9}},"6":{"start":{"line":9,"column":0},"end":{"line":9,"column":22}},"7":{"start":{"line":12,"column":0},"end":{"line":21,"column":3}},"8":{"start":{"line":13,"column":2},"end":{"line":17,"column":5}},"9":{"start":{"line":14,"column":4},"end":{"line":14,"column":22}},"10":{"start":{"line":15,"column":4},"end":{"line":15,"column":23}},"11":{"start":{"line":16,"column":4},"end":{"line":16,"column":28}},"12":{"start":{"line":18,"column":2},"end":{"line":20,"column":5}},"13":{"start":{"line":19,"column":4},"end":{"line":19,"column":42}}},"branchMap":{}}}