TN:
SF:/Users/laszlobogacsi/Desktop/MakersAcademy/bowling_challenge/bowling-challenge/spec/FrameSpec.js
FN:12,(anonymous_1)
FN:13,(anonymous_2)
FN:17,(anonymous_3)
FN:21,(anonymous_4)
FN:28,(anonymous_5)
FN:29,(anonymous_6)
FN:33,(anonymous_7)
FN:38,(anonymous_8)
FN:45,(anonymous_9)
FN:47,(anonymous_10)
FN:53,(anonymous_11)
FN:55,(anonymous_12)
FNF:12
FNH:12
FNDA:1,(anonymous_1)
FNDA:2,(anonymous_2)
FNDA:1,(anonymous_3)
FNDA:1,(anonymous_4)
FNDA:1,(anonymous_5)
FNDA:2,(anonymous_6)
FNDA:1,(anonymous_7)
FNDA:1,(anonymous_8)
FNDA:1,(anonymous_9)
FNDA:1,(anonymous_10)
FNDA:1,(anonymous_11)
FNDA:1,(anonymous_12)
DA:3,1
DA:4,1
DA:5,1
DA:7,1
DA:8,1
DA:9,1
DA:12,1
DA:13,1
DA:14,2
DA:15,2
DA:17,1
DA:18,1
DA:21,1
DA:22,1
DA:23,1
DA:24,1
DA:28,1
DA:29,1
DA:30,2
DA:31,2
DA:33,1
DA:34,1
DA:35,1
DA:38,1
DA:39,1
DA:40,1
DA:45,1
DA:46,1
DA:47,1
DA:48,1
DA:49,1
DA:53,1
DA:54,1
DA:55,1
DA:56,1
DA:57,1
DA:58,1
LF:37
LH:37
BRF:0
BRH:0
end_of_record
TN:
SF:/Users/laszlobogacsi/Desktop/MakersAcademy/bowling_challenge/bowling-challenge/src/Frame.js
FN:3,Frame
FN:13,(anonymous_2)
FN:24,(anonymous_3)
FN:35,(anonymous_4)
FNF:4
FNH:4
FNDA:13,Frame
FNDA:7,(anonymous_2)
FNDA:6,(anonymous_3)
FNDA:3,(anonymous_4)
DA:3,1
DA:4,13
DA:5,13
DA:6,13
DA:7,13
DA:8,13
DA:13,1
DA:14,7
DA:15,1
DA:16,1
DA:18,6
DA:19,6
DA:24,1
DA:25,6
DA:26,1
DA:27,1
DA:29,5
DA:30,5
DA:35,1
DA:36,3
DA:37,3
DA:44,1
LF:22
LH:22
BRDA:14,1,0,1
BRDA:14,1,1,6
BRDA:25,2,0,1
BRDA:25,2,1,5
BRDA:25,3,0,6
BRDA:25,3,1,1
BRF:6
BRH:6
end_of_record
TN:
SF:/Users/laszlobogacsi/Desktop/MakersAcademy/bowling_challenge/bowling-challenge/src/Game.js
FN:6,Game
FN:12,(anonymous_2)
FNF:2
FNH:2
FNDA:3,Game
FNDA:5,(anonymous_2)
DA:4,1
DA:6,1
DA:7,3
DA:8,3
DA:12,1
DA:13,5
DA:14,5
DA:15,5
DA:16,5
DA:17,5
DA:18,5
DA:19,5
DA:23,1
LF:13
LH:13
BRF:0
BRH:0
end_of_record
TN:
SF:/Users/laszlobogacsi/Desktop/MakersAcademy/bowling_challenge/bowling-challenge/spec/GameSpec.js
FN:12,(anonymous_1)
FN:13,(anonymous_2)
FN:18,(anonymous_3)
FNF:3
FNH:3
FNDA:1,(anonymous_1)
FNDA:1,(anonymous_2)
FNDA:1,(anonymous_3)
DA:3,1
DA:4,1
DA:5,1
DA:7,1
DA:8,1
DA:9,1
DA:12,1
DA:13,1
DA:14,1
DA:15,1
DA:16,1
DA:18,1
DA:19,1
LF:13
LH:13
BRF:0
BRH:0
end_of_record
